0.00 0.000 0.000 1.0004	1.00038 0.00049
1.52 0.004 0.088 0.9684	0.96841 0.00049
4.56 0.012 0.265 0.9650	0.96502 0.00049
7.60 0.021 0.442 0.9642	0.96421 0.00049
10.65 0.029 0.619 0.9640	0.96398 0.00049
13.69 0.037 0.795 0.9647	0.96468 0.00047
16.73 0.046 0.972 0.9644	0.96436 0.00049
19.77 0.054 1.149 0.9644	0.96436 0.00049
22.81 0.062 1.326 0.9654	0.96539 0.00049
25.85 0.071 1.502 0.9651	0.96514 0.00049
28.90 0.079 1.679 0.9657	0.96570 0.00045
31.94 0.087 1.856 0.9666	0.96655 0.00044
34.98 0.096 2.033 0.9651	0.96505 0.00049
38.02 0.104 2.209 0.9645	0.96445 0.00048
41.06 0.112 2.386 0.9648	0.96475 0.00049
44.10 0.121 2.563 0.9650	0.96496 0.00049
47.15 0.129 2.740 0.9643	0.96434 0.00047
50.19 0.137 2.916 0.9630	0.96297 0.00049
53.23 0.146 3.093 0.9633	0.96326 0.00049
56.27 0.154 3.270 0.9621	0.96205 0.00049
59.31 0.162 3.447 0.9620	0.96201 0.00048
62.35 0.171 3.623 0.9612	0.96119 0.00049
65.40 0.179 3.800 0.9597	0.95968 0.00049
68.44 0.187 3.977 0.9592	0.95924 0.00049
71.48 0.196 4.154 0.9576	0.95760 0.00049
74.52 0.204 4.330 0.9565	0.95650 0.00049
77.56 0.212 4.507 0.9557	0.95574 0.00048
80.60 0.221 4.684 0.9546	0.95455 0.00049
83.65 0.229 4.860 0.9542	0.95423 0.00049
86.69 0.237 5.037 0.9527	0.95274 0.00049
89.73 0.246 5.214 0.9514	0.95135 0.00049
92.77 0.254 5.391 0.9507	0.95072 0.00049
95.81 0.262 5.567 0.9493	0.94931 0.00049
98.85 0.271 5.744 0.9487	0.94871 0.00049
101.90 0.279 5.921 0.9470	0.94698 0.00049
104.94 0.287 6.098 0.9456	0.94562 0.00047
107.98 0.296 6.274 0.9450	0.94504 0.00049
111.02 0.304 6.451 0.9445	0.94447 0.00049
114.06 0.312 6.628 0.9427	0.94265 0.00049
117.10 0.321 6.805 0.9410	0.94102 0.00048
120.15 0.329 6.981 0.9394	0.93941 0.00049
123.19 0.337 7.158 0.9378	0.93775 0.00049
126.23 0.346 7.335 0.9373	0.93733 0.00049
129.27 0.354 7.512 0.9360	0.93601 0.00048
132.31 0.362 7.688 0.9348	0.93479 0.00048
135.35 0.371 7.865 0.9327	0.93269 0.00049
138.40 0.379 8.042 0.9329	0.93291 0.00049
141.44 0.387 8.219 0.9308	0.93080 0.00049
144.48 0.396 8.395 0.9295	0.92949 0.00049
147.52 0.404 8.572 0.9290	0.92901 0.00049
150.56 0.412 8.749 0.9274	0.92737 0.00049
153.60 0.421 8.926 0.9264	0.92642 0.00049
156.65 0.429 9.102 0.9250	0.92496 0.00048
159.69 0.437 9.279 0.9232	0.92321 0.00049
162.73 0.446 9.456 0.9227	0.92274 0.00049
165.77 0.454 9.633 0.9207	0.92068 0.00049
168.81 0.462 9.809 0.9192	0.91924 0.00049
171.85 0.471 9.986 0.9187	0.91871 0.00049
174.90 0.479 10.163 0.9169	0.91690 0.00049
177.94 0.487 10.340 0.9151	0.91506 0.00049
180.98 0.495 10.516 0.9145	0.91451 0.00049
184.02 0.504 10.693 0.9132	0.91320 0.00049
187.06 0.512 10.870 0.9131	0.91305 0.00049
190.10 0.520 11.047 0.9093	0.90931 0.00049
193.15 0.529 11.223 0.9084	0.90838 0.00049
196.19 0.537 11.400 0.9069	0.90694 0.00048
199.23 0.545 11.577 0.9066	0.90664 0.00049
202.27 0.554 11.754 0.9047	0.90468 0.00049
205.31 0.562 11.930 0.9036	0.90355 0.00049
208.35 0.570 12.107 0.9024	0.90239 0.00049
211.40 0.579 12.284 0.9012	0.90119 0.00049
214.44 0.587 12.461 0.8991	0.89909 0.00049
217.48 0.595 12.637 0.8980	0.89802 0.00049
220.52 0.604 12.814 0.8970	0.89695 0.00049
223.56 0.612 12.991 0.8958	0.89578 0.00049
226.60 0.620 13.167 0.8940	0.89402 0.00048
229.65 0.629 13.344 0.8923	0.89232 0.00049
232.69 0.637 13.521 0.8923	0.89230 0.00049
235.73 0.645 13.698 0.8910	0.89099 0.00049
238.77 0.654 13.874 0.8902	0.89015 0.00049
241.81 0.662 14.051 0.8885	0.88850 0.00049
244.85 0.670 14.228 0.8870	0.88696 0.00049
247.90 0.679 14.405 0.8860	0.88602 0.00049
250.94 0.687 14.581 0.8846	0.88455 0.00049
253.98 0.695 14.758 0.8827	0.88268 0.00049
257.02 0.704 14.935 0.8819	0.88186 0.00049
260.06 0.712 15.112 0.8809	0.88092 0.00045
263.10 0.720 15.288 0.8790	0.87898 0.00050
266.15 0.729 15.465 0.8793	0.87931 0.00049
269.19 0.737 15.642 0.8765	0.87651 0.00049
272.23 0.745 15.819 0.8753	0.87527 0.00048
275.27 0.754 15.995 0.8750	0.87501 0.00049
278.31 0.762 16.172 0.8732	0.87315 0.00049
281.35 0.770 16.349 0.8724	0.87244 0.00049
284.40 0.779 16.526 0.8712	0.87119 0.00041
287.44 0.787 16.702 0.8697	0.86971 0.00049
290.48 0.795 16.879 0.8683	0.86828 0.00049
293.52 0.804 17.056 0.8683	0.86834 0.00049
296.56 0.812 17.233 0.8662	0.86623 0.00049
299.60 0.820 17.409 0.8654	0.86540 0.00049
302.65 0.829 17.586 0.8648	0.86477 0.00049
305.69 0.837 17.763 0.8629	0.86288 0.00049
308.73 0.845 17.940 0.8615	0.86148 0.00049
311.77 0.854 18.116 0.8610	0.86100 0.00045
314.81 0.862 18.293 0.8590	0.85904 0.00048
317.85 0.870 18.470 0.8578	0.85780 0.00049
320.90 0.879 18.647 0.8570	0.85700 0.00049
323.94 0.887 18.823 0.8562	0.85616 0.00049
326.98 0.895 19.000 0.8555	0.85549 0.00049
330.02 0.904 19.177 0.8534	0.85337 0.00049
333.06 0.912 19.354 0.8527	0.85266 0.00048
336.10 0.920 19.530 0.8513	0.85131 0.00049
339.15 0.929 19.707 0.8504	0.85038 0.00049
342.19 0.937 19.884 0.8491	0.84905 0.00049
345.23 0.945 20.061 0.8485	0.84846 0.00049
348.27 0.954 20.237 0.8472	0.84715 0.00049
351.31 0.962 20.414 0.8462	0.84618 0.00044
354.35 0.970 20.591 0.8455	0.84554 0.00049
357.40 0.978 20.768 0.8432	0.84324 0.00048
360.44 0.987 20.944 0.8426	0.84258 0.00049
363.48 0.995 21.121 0.8413	0.84133 0.00049
